  CAMAL_C_lib_v0.c
CAMAL_C_lib_v0.c(10): warning C4273: 'rebin_into_fixed_frame': inconsistent dll linkage
  c:\users\pselmer\documents\cpl_stuff\source\l1a\c_lib_win64\camal_c_lib_win64\camal_c_lib_win64\CAMAL_C_lib_v0.h(10): note: see previous definition of 'rebin_into_fixed_frame'
CAMAL_C_lib_v0.c(55): warning C4244: 'initializing': conversion from 'intptr_t' to 'unsigned long', possible loss of data
CAMAL_C_lib_v0.c(102): warning C4273: 'rebin_into_fixed_frame_v2': inconsistent dll linkage
  c:\users\pselmer\documents\cpl_stuff\source\l1a\c_lib_win64\camal_c_lib_win64\camal_c_lib_win64\CAMAL_C_lib_v0.h(14): note: see previous definition of 'rebin_into_fixed_frame_v2'
CAMAL_C_lib_v0.c(143): warning C4244: 'initializing': conversion from '__int64' to 'unsigned long', possible loss of data
CAMAL_C_lib_v0.c(153): warning C4477: 'printf' : format string '%ld' requires an argument of type 'long', but variadic argument 1 has type '__int64'
  CAMAL_C_lib_v0.c(153): note: consider using '%lld' in the format string
  CAMAL_C_lib_v0.c(153): note: consider using '%Id' in the format string
  CAMAL_C_lib_v0.c(153): note: consider using '%I64d' in the format string
CAMAL_C_lib_v0.c(153): warning C4477: 'printf' : format string '%ld' requires an argument of type 'long', but variadic argument 2 has type '__int64'
  CAMAL_C_lib_v0.c(153): note: consider using '%lld' in the format string
  CAMAL_C_lib_v0.c(153): note: consider using '%Id' in the format string
  CAMAL_C_lib_v0.c(153): note: consider using '%I64d' in the format string
CAMAL_C_lib_v0.c(153): warning C4477: 'printf' : format string '%ld' requires an argument of type 'long', but variadic argument 3 has type '__int64'
  CAMAL_C_lib_v0.c(153): note: consider using '%lld' in the format string
  CAMAL_C_lib_v0.c(153): note: consider using '%Id' in the format string
  CAMAL_C_lib_v0.c(153): note: consider using '%I64d' in the format string
CAMAL_C_lib_v0.c(210): warning C4273: 'map_interp_times_to_orig_frame': inconsistent dll linkage
  c:\users\pselmer\documents\cpl_stuff\source\l1a\c_lib_win64\camal_c_lib_win64\camal_c_lib_win64\CAMAL_C_lib_v0.h(17): note: see previous definition of 'map_interp_times_to_orig_frame'
CAMAL_C_lib_v0.c(257): warning C4244: 'initializing': conversion from 'intptr_t' to 'unsigned long', possible loss of data
CAMAL_C_lib_v0.c(258): warning C4244: 'initializing': conversion from 'intptr_t' to 'unsigned long', possible loss of data
     Creating library C:\Users\pselmer\Documents\CPL_stuff\Source\L1A\C_lib_Win64\CAMAL_C_lib_Win64\x64\Release\CAMAL_C_lib_Win64.lib and object C:\Users\pselmer\Documents\CPL_stuff\Source\L1A\C_lib_Win64\CAMAL_C_lib_Win64\x64\Release\CAMAL_C_lib_Win64.exp
  Generating code
  5 of 6 functions (83.3%) were compiled, the rest were copied from previous compilation.
    0 functions were new in current compilation
    0 functions had inline decision re-evaluated but remain unchanged
  Finished generating code
  CAMAL_C_lib_Win64.vcxproj -> C:\Users\pselmer\Documents\CPL_stuff\Source\L1A\C_lib_Win64\CAMAL_C_lib_Win64\x64\Release\CAMAL_C_lib_Win64.dll
